<?xml version="1.0" encoding="UTF-8"?>
<testsuite name="JUnit Jupiter" tests="4" skipped="1" failures="0" errors="0" time="12.835" hostname="minhkhoango-lin" timestamp="2020-09-30T00:43:18">
<properties>
<property name="awt.toolkit" value="sun.awt.X11.XToolkit"/>
<property name="file.encoding" value="UTF-8"/>
<property name="file.separator" value="/"/>
<property name="java.awt.graphicsenv" value="sun.awt.X11GraphicsEnvironment"/>
<property name="java.awt.printerjob" value="sun.print.PSPrinterJob"/>
<property name="java.class.path" value="../../tool/junit5/junit-platform-console-standalone-1.7.0.jar"/>
<property name="java.class.version" value="55.0"/>
<property name="java.home" value="/usr/lib/jvm/java-11-openjdk-amd64"/>
<property name="java.io.tmpdir" value="/tmp"/>
<property name="java.library.path" value="/usr/java/packages/lib:/usr/lib/x86_64-linux-gnu/jni:/lib/x86_64-linux-gnu:/usr/lib/x86_64-linux-gnu:/usr/lib/jni:/lib:/usr/lib"/>
<property name="java.runtime.name" value="OpenJDK Runtime Environment"/>
<property name="java.runtime.version" value="11.0.8+10-post-Ubuntu-0ubuntu118.04.1"/>
<property name="java.specification.name" value="Java Platform API Specification"/>
<property name="java.specification.vendor" value="Oracle Corporation"/>
<property name="java.specification.version" value="11"/>
<property name="java.vendor" value="Ubuntu"/>
<property name="java.vendor.url" value="https://ubuntu.com/"/>
<property name="java.vendor.url.bug" value="https://bugs.launchpad.net/ubuntu/+source/openjdk-lts"/>
<property name="java.version" value="11.0.8"/>
<property name="java.version.date" value="2020-07-14"/>
<property name="java.vm.compressedOopsMode" value="32-bit"/>
<property name="java.vm.info" value="mixed mode, sharing"/>
<property name="java.vm.name" value="OpenJDK 64-Bit Server VM"/>
<property name="java.vm.specification.name" value="Java Virtual Machine Specification"/>
<property name="java.vm.specification.vendor" value="Oracle Corporation"/>
<property name="java.vm.specification.version" value="11"/>
<property name="java.vm.vendor" value="Ubuntu"/>
<property name="java.vm.version" value="11.0.8+10-post-Ubuntu-0ubuntu118.04.1"/>
<property name="jdk.debug" value="release"/>
<property name="line.separator" value="
"/>
<property name="os.arch" value="amd64"/>
<property name="os.name" value="Linux"/>
<property name="os.version" value="5.4.0-47-generic"/>
<property name="path.separator" value=":"/>
<property name="sun.arch.data.model" value="64"/>
<property name="sun.boot.library.path" value="/usr/lib/jvm/java-11-openjdk-amd64/lib"/>
<property name="sun.cpu.endian" value="little"/>
<property name="sun.cpu.isalist" value=""/>
<property name="sun.desktop" value="gnome"/>
<property name="sun.io.unicode.encoding" value="UnicodeLittle"/>
<property name="sun.java.command" value="../../tool/junit5/junit-platform-console-standalone-1.7.0.jar --classpath ../../tool/kotlinCompiler/kotlinc/lib/kotlin-stdlib.jar --classpath ../../lib/okhttp-4.9.0.jar --classpath ../../lib/okio-2.8.0.jar --classpath ../../lib/byte-buddy-1.8.15.jar --classpath ../../lib/guava-25.0-jre.jar --classpath ../../lib/selenium-chrome-driver-3.14.0.jar --classpath ../../lib/commons-codec-1.10.jar --classpath ../../lib/httpclient-4.5.5.jar --classpath ../../lib/okio-1.14.1.jar --classpath ../../lib/selenium-java-3.14.0.jar --classpath ../../lib/commons-exec-1.3.jar --classpath ../../lib/httpcore-4.4.9.jar --classpath ../../lib/selenium-remote-driver-3.14.0.jar --classpath ../../lib/commons-logging-1.2.jar --classpath ../../lib/okhttp-3.10.0.jar --classpath ../../lib/selenium-api-3.14.0.jar --classpath ../../lib/selenium-support-3.14.0.jar --classpath . --scan-classpath --reports-dir=../../log/junit"/>
<property name="sun.java.launcher" value="SUN_STANDARD"/>
<property name="sun.jnu.encoding" value="UTF-8"/>
<property name="sun.management.compiler" value="HotSpot 64-Bit Tiered Compilers"/>
<property name="sun.os.patch.level" value="unknown"/>
<property name="user.country" value="US"/>
<property name="user.dir" value="/mnt/minhkhoa/2nd_hd/cross/java/kotlin/junit4Selenium/build/test"/>
<property name="user.home" value="/home/minhkhoa"/>
<property name="user.language" value="en"/>
<property name="user.name" value="minhkhoa"/>
<property name="user.timezone" value="Europe/Berlin"/>
</properties>
<testcase name="test ok http should return google request with no problem()" classname="mytest.OkHttpUnitTest" time="0.441">
<system-out><![CDATA[
unique-id: [engine:junit-jupiter]/[class:mytest.OkHttpUnitTest]/[method:test ok http should return google request with no problem()]
display-name: test ok http should return google request with no problem()
]]></system-out>
</testcase>
<testcase name="3 is equal to 4()" classname="mytest.SimpleUnitTest" time="0">
<skipped><![CDATA[public final void mytest.SimpleUnitTest.3 is equal to 4() is @Disabled]]></skipped>
<system-out><![CDATA[
unique-id: [engine:junit-jupiter]/[class:mytest.SimpleUnitTest]/[method:3 is equal to 4()]
display-name: 3 is equal to 4()
]]></system-out>
</testcase>
<testcase name="isEmpty should return true for empty lists()" classname="mytest.SimpleUnitTest" time="0.001">
<system-out><![CDATA[
unique-id: [engine:junit-jupiter]/[class:mytest.SimpleUnitTest]/[method:isEmpty should return true for empty lists()]
display-name: isEmpty should return true for empty lists()
]]></system-out>
</testcase>
<testcase name="test ok http should return google request with no problem()" classname="mytest.SeleniumhqTest" time="10.927">
<system-out><![CDATA[
unique-id: [engine:junit-jupiter]/[class:mytest.SeleniumhqTest]/[method:test ok http should return google request with no problem()]
display-name: test ok http should return google request with no problem()
]]></system-out>
</testcase>
<system-out><![CDATA[
unique-id: [engine:junit-jupiter]
display-name: JUnit Jupiter
]]></system-out>
</testsuite>
